<?xml version="1.0" encoding="UTF-8"?>
<!-- Generated by org.testng.reporters.JUnitReportReporter -->
<testsuite hostname="LAPTOP-DBR0E06H" name="DressPageTest" tests="1" failures="0" timestamp="8 Jan 2020 06:09:12 GMT" time="2.284" errors="0">
  <testcase name="ReadExcel" time="2.284" classname="DressPageTest"/>
</testsuite> <!-- DressPageTest -->
